==40350== Memcheck, a memory error detector
==40350== Copyright (C) 2002-2022, and GNU GPL'd, by Julian Seward et al.
==40350== Using Valgrind-3.19.0 and LibVEX; rerun with -h for copyright info
==40350== Command: ./main.out
==40350== Parent PID: 39541
==40350== 
==40350== Conditional jump or move depends on uninitialised value(s)
==40350==    at 0x4849DFF: strcpy (in /usr/libexec/valgrind/vgpreload_memcheck-amd64-linux.so)
==40350==    by 0x109CC5: deep_copy_student (in /home/benny/exelenteam/checkpoint-binya2/main.out)
==40350==    by 0x10A027: insert_exellent_student (in /home/benny/exelenteam/checkpoint-binya2/main.out)
==40350==    by 0x109F1E: receive_10_outstanding_students_in_grade (in /home/benny/exelenteam/checkpoint-binya2/main.out)
==40350==    by 0x109E5D: receive_10_outstanding_students_in_school (in /home/benny/exelenteam/checkpoint-binya2/main.out)
==40350==    by 0x10A88F: main (in /home/benny/exelenteam/checkpoint-binya2/main.out)
==40350==    by 0x4889A8F: __libc_start_call_main (libc_start_call_main.h:58)
==40350==    by 0x4889B48: __libc_start_main@@GLIBC_2.34 (libc-start.c:360)
==40350==    by 0x109244: _start (in /home/benny/exelenteam/checkpoint-binya2/main.out)
==40350==    by 0x1FFEFFFD77: ???
==40350==    by 0x37: ???
==40350== 
==40350== Conditional jump or move depends on uninitialised value(s)
==40350==    at 0x4849DFF: strcpy (in /usr/libexec/valgrind/vgpreload_memcheck-amd64-linux.so)
==40350==    by 0x109CE0: deep_copy_student (in /home/benny/exelenteam/checkpoint-binya2/main.out)
==40350==    by 0x10A027: insert_exellent_student (in /home/benny/exelenteam/checkpoint-binya2/main.out)
==40350==    by 0x109F1E: receive_10_outstanding_students_in_grade (in /home/benny/exelenteam/checkpoint-binya2/main.out)
==40350==    by 0x109E5D: receive_10_outstanding_students_in_school (in /home/benny/exelenteam/checkpoint-binya2/main.out)
==40350==    by 0x10A88F: main (in /home/benny/exelenteam/checkpoint-binya2/main.out)
==40350==    by 0x4889A8F: __libc_start_call_main (libc_start_call_main.h:58)
==40350==    by 0x4889B48: __libc_start_main@@GLIBC_2.34 (libc-start.c:360)
==40350==    by 0x109244: _start (in /home/benny/exelenteam/checkpoint-binya2/main.out)
==40350==    by 0x1FFEFFFD77: ???
==40350==    by 0x37: ???
==40350== 
==40350== Conditional jump or move depends on uninitialised value(s)
==40350==    at 0x4849DFF: strcpy (in /usr/libexec/valgrind/vgpreload_memcheck-amd64-linux.so)
==40350==    by 0x109CFB: deep_copy_student (in /home/benny/exelenteam/checkpoint-binya2/main.out)
==40350==    by 0x10A027: insert_exellent_student (in /home/benny/exelenteam/checkpoint-binya2/main.out)
==40350==    by 0x109F1E: receive_10_outstanding_students_in_grade (in /home/benny/exelenteam/checkpoint-binya2/main.out)
==40350==    by 0x109E5D: receive_10_outstanding_students_in_school (in /home/benny/exelenteam/checkpoint-binya2/main.out)
==40350==    by 0x10A88F: main (in /home/benny/exelenteam/checkpoint-binya2/main.out)
==40350==    by 0x4889A8F: __libc_start_call_main (libc_start_call_main.h:58)
==40350==    by 0x4889B48: __libc_start_main@@GLIBC_2.34 (libc-start.c:360)
==40350==    by 0x109244: _start (in /home/benny/exelenteam/checkpoint-binya2/main.out)
==40350==    by 0x1FFEFFFD77: ???
==40350==    by 0x37: ???
==40350== 
==40350== Conditional jump or move depends on uninitialised value(s)
==40350==    at 0x4849DFF: strcpy (in /usr/libexec/valgrind/vgpreload_memcheck-amd64-linux.so)
==40350==    by 0x109CC5: deep_copy_student (in /home/benny/exelenteam/checkpoint-binya2/main.out)
==40350==    by 0x10A09E: insert_exellent_student (in /home/benny/exelenteam/checkpoint-binya2/main.out)
==40350==    by 0x109F1E: receive_10_outstanding_students_in_grade (in /home/benny/exelenteam/checkpoint-binya2/main.out)
==40350==    by 0x109E5D: receive_10_outstanding_students_in_school (in /home/benny/exelenteam/checkpoint-binya2/main.out)
==40350==    by 0x10A88F: main (in /home/benny/exelenteam/checkpoint-binya2/main.out)
==40350==    by 0x4889A8F: __libc_start_call_main (libc_start_call_main.h:58)
==40350==    by 0x4889B48: __libc_start_main@@GLIBC_2.34 (libc-start.c:360)
==40350==    by 0x109244: _start (in /home/benny/exelenteam/checkpoint-binya2/main.out)
==40350==    by 0x1FFEFFFD77: ???
==40350==    by 0x37: ???
==40350== 
==40350== Conditional jump or move depends on uninitialised value(s)
==40350==    at 0x4849DFF: strcpy (in /usr/libexec/valgrind/vgpreload_memcheck-amd64-linux.so)
==40350==    by 0x109CE0: deep_copy_student (in /home/benny/exelenteam/checkpoint-binya2/main.out)
==40350==    by 0x10A09E: insert_exellent_student (in /home/benny/exelenteam/checkpoint-binya2/main.out)
==40350==    by 0x109F1E: receive_10_outstanding_students_in_grade (in /home/benny/exelenteam/checkpoint-binya2/main.out)
==40350==    by 0x109E5D: receive_10_outstanding_students_in_school (in /home/benny/exelenteam/checkpoint-binya2/main.out)
==40350==    by 0x10A88F: main (in /home/benny/exelenteam/checkpoint-binya2/main.out)
==40350==    by 0x4889A8F: __libc_start_call_main (libc_start_call_main.h:58)
==40350==    by 0x4889B48: __libc_start_main@@GLIBC_2.34 (libc-start.c:360)
==40350==    by 0x109244: _start (in /home/benny/exelenteam/checkpoint-binya2/main.out)
==40350==    by 0x1FFEFFFD77: ???
==40350==    by 0x37: ???
==40350== 
==40350== Conditional jump or move depends on uninitialised value(s)
==40350==    at 0x4849DFF: strcpy (in /usr/libexec/valgrind/vgpreload_memcheck-amd64-linux.so)
==40350==    by 0x109CFB: deep_copy_student (in /home/benny/exelenteam/checkpoint-binya2/main.out)
==40350==    by 0x10A09E: insert_exellent_student (in /home/benny/exelenteam/checkpoint-binya2/main.out)
==40350==    by 0x109F1E: receive_10_outstanding_students_in_grade (in /home/benny/exelenteam/checkpoint-binya2/main.out)
==40350==    by 0x109E5D: receive_10_outstanding_students_in_school (in /home/benny/exelenteam/checkpoint-binya2/main.out)
==40350==    by 0x10A88F: main (in /home/benny/exelenteam/checkpoint-binya2/main.out)
==40350==    by 0x4889A8F: __libc_start_call_main (libc_start_call_main.h:58)
==40350==    by 0x4889B48: __libc_start_main@@GLIBC_2.34 (libc-start.c:360)
==40350==    by 0x109244: _start (in /home/benny/exelenteam/checkpoint-binya2/main.out)
==40350==    by 0x1FFEFFFD77: ???
==40350==    by 0x37: ???
==40350== 
==40350== Invalid free() / delete / delete[] / realloc()
==40350==    at 0x484620F: free (in /usr/libexec/valgrind/vgpreload_memcheck-amd64-linux.so)
==40350==    by 0x10A22D: free_exellent_students (in /home/benny/exelenteam/checkpoint-binya2/main.out)
==40350==    by 0x10A8B4: main (in /home/benny/exelenteam/checkpoint-binya2/main.out)
==40350==    by 0x4889A8F: __libc_start_call_main (libc_start_call_main.h:58)
==40350==    by 0x4889B48: __libc_start_main@@GLIBC_2.34 (libc-start.c:360)
==40350==    by 0x109244: _start (in /home/benny/exelenteam/checkpoint-binya2/main.out)
==40350==    by 0x1FFEFFFD77: ???
==40350==    by 0x37: ???
==40350==  Address 0x6153d68 is 168 bytes inside a block of size 1,680 free'd
==40350==    at 0x484620F: free (in /usr/libexec/valgrind/vgpreload_memcheck-amd64-linux.so)
==40350==    by 0x10A22D: free_exellent_students (in /home/benny/exelenteam/checkpoint-binya2/main.out)
==40350==    by 0x10A8B4: main (in /home/benny/exelenteam/checkpoint-binya2/main.out)
==40350==    by 0x4889A8F: __libc_start_call_main (libc_start_call_main.h:58)
==40350==    by 0x4889B48: __libc_start_main@@GLIBC_2.34 (libc-start.c:360)
==40350==    by 0x109244: _start (in /home/benny/exelenteam/checkpoint-binya2/main.out)
==40350==    by 0x1FFEFFFD77: ???
==40350==    by 0x37: ???
==40350==  Block was alloc'd at
==40350==    at 0x4843828: malloc (in /usr/libexec/valgrind/vgpreload_memcheck-amd64-linux.so)
==40350==    by 0x109E91: receive_10_outstanding_students_in_grade (in /home/benny/exelenteam/checkpoint-binya2/main.out)
==40350==    by 0x109E5D: receive_10_outstanding_students_in_school (in /home/benny/exelenteam/checkpoint-binya2/main.out)
==40350==    by 0x10A88F: main (in /home/benny/exelenteam/checkpoint-binya2/main.out)
==40350==    by 0x4889A8F: __libc_start_call_main (libc_start_call_main.h:58)
==40350==    by 0x4889B48: __libc_start_main@@GLIBC_2.34 (libc-start.c:360)
==40350==    by 0x109244: _start (in /home/benny/exelenteam/checkpoint-binya2/main.out)
==40350==    by 0x1FFEFFFD77: ???
==40350==    by 0x37: ???
==40350== 
==40350== Invalid free() / delete / delete[] / realloc()
==40350==    at 0x484620F: free (in /usr/libexec/valgrind/vgpreload_memcheck-amd64-linux.so)
==40350==    by 0x10A256: free_exellent_students (in /home/benny/exelenteam/checkpoint-binya2/main.out)
==40350==    by 0x10A8B4: main (in /home/benny/exelenteam/checkpoint-binya2/main.out)
==40350==    by 0x4889A8F: __libc_start_call_main (libc_start_call_main.h:58)
==40350==    by 0x4889B48: __libc_start_main@@GLIBC_2.34 (libc-start.c:360)
==40350==    by 0x109244: _start (in /home/benny/exelenteam/checkpoint-binya2/main.out)
==40350==    by 0x1FFEFFFD77: ???
==40350==    by 0x37: ???
==40350==  Address 0x6153cc0 is 0 bytes inside a block of size 1,680 free'd
==40350==    at 0x484620F: free (in /usr/libexec/valgrind/vgpreload_memcheck-amd64-linux.so)
==40350==    by 0x10A22D: free_exellent_students (in /home/benny/exelenteam/checkpoint-binya2/main.out)
==40350==    by 0x10A8B4: main (in /home/benny/exelenteam/checkpoint-binya2/main.out)
==40350==    by 0x4889A8F: __libc_start_call_main (libc_start_call_main.h:58)
==40350==    by 0x4889B48: __libc_start_main@@GLIBC_2.34 (libc-start.c:360)
==40350==    by 0x109244: _start (in /home/benny/exelenteam/checkpoint-binya2/main.out)
==40350==    by 0x1FFEFFFD77: ???
==40350==    by 0x37: ???
==40350==  Block was alloc'd at
==40350==    at 0x4843828: malloc (in /usr/libexec/valgrind/vgpreload_memcheck-amd64-linux.so)
==40350==    by 0x109E91: receive_10_outstanding_students_in_grade (in /home/benny/exelenteam/checkpoint-binya2/main.out)
==40350==    by 0x109E5D: receive_10_outstanding_students_in_school (in /home/benny/exelenteam/checkpoint-binya2/main.out)
==40350==    by 0x10A88F: main (in /home/benny/exelenteam/checkpoint-binya2/main.out)
==40350==    by 0x4889A8F: __libc_start_call_main (libc_start_call_main.h:58)
==40350==    by 0x4889B48: __libc_start_main@@GLIBC_2.34 (libc-start.c:360)
==40350==    by 0x109244: _start (in /home/benny/exelenteam/checkpoint-binya2/main.out)
==40350==    by 0x1FFEFFFD77: ???
==40350==    by 0x37: ???
==40350== 
==40350== 
==40350== HEAP SUMMARY:
==40350==     in use at exit: 0 bytes in 0 blocks
==40350==   total heap usage: 400,052 allocs, 400,172 frees, 60,438,904 bytes allocated
==40350== 
==40350== All heap blocks were freed -- no leaks are possible
==40350== 
==40350== Use --track-origins=yes to see where uninitialised values come from
==40350== For lists of detected and suppressed errors, rerun with: -s
==40350== ERROR SUMMARY: 480 errors from 8 contexts (suppressed: 0 from 0)
